[13:17:56] [main/INFO]: Setting user: Player187
[13:17:58] [Client thread/INFO]: LWJGL Version: 2.9.1
[13:18:04] [Client thread/INFO]: Reloading ResourceManager: Default, FMLFileResourcePack:Forge Mod Loader, FMLFileResourcePack:Minecraft Forge, FMLFileResourcePack:minecraftIO
[13:18:05] [Sound Library Loader/INFO]: Sound engine started
[13:18:05] [Client thread/INFO]: Created: 16x16 textures/blocks-atlas
[13:18:05] [Client thread/INFO]: Created: 16x16 textures/items-atlas
[13:18:06] [Client thread/INFO]: Reloading ResourceManager: Default, FMLFileResourcePack:Forge Mod Loader, FMLFileResourcePack:Minecraft Forge, FMLFileResourcePack:minecraftIO
[13:18:06] [Client thread/INFO]: Created: 256x256 textures/items-atlas
[13:18:06] [Client thread/INFO]: Created: 512x256 textures/blocks-atlas
[13:18:07] [Sound Library Loader/INFO]: Sound engine started
[13:18:12] [Server thread/INFO]: Starting integrated minecraft server version 1.7.10
[13:18:12] [Server thread/INFO]: Generating keypair
[13:18:13] [Server thread/INFO]: Preparing start region for level 0
[13:18:13] [Server thread/INFO]: Changing view distance to 12, from 10
[13:18:14] [Server thread/INFO]: Player187[local:E:1ae7f887] logged in with entity id 323 at (107.43145709663052, 68.0, 250.69250807730873)
[13:18:14] [Server thread/INFO]: Player187 joined the game
[13:18:21] [Server thread/INFO]: Started on 54766
[13:18:41] [Client thread/INFO]: [CHAT] Server opened at: n.grappl.io:null
[13:18:41] [Server thread/WARN]: Can't keep up! Did the system time change, or is the server overloaded? Running 19745ms behind, skipping 394 tick(s)
[13:18:44] [Server thread/INFO]: Player187 lost connection: TextComponent{text='Disconnected', siblings=[], style=Style{hasParent=false, color=null, bold=null, italic=null, underlined=null, obfuscated=null, clickEvent=null, hoverEvent=null}}
[13:18:44] [Server thread/INFO]: Player187 left the game
[13:18:44] [Server thread/INFO]: Stopping singleplayer server as player logged out
[13:18:44] [Server thread/INFO]: Stopping server
[13:18:44] [Server thread/INFO]: Saving players
[13:18:44] [Server thread/INFO]: Saving worlds
[13:18:44] [Server thread/INFO]: Saving chunks for level 'New World'/Overworld
[13:18:44] [Server thread/INFO]: Saving chunks for level 'New World'/Nether
[13:18:44] [Server thread/INFO]: Saving chunks for level 'New World'/The End
[13:18:45] [Client thread/INFO]: Stopping!
